<?xml version="1.0" encoding="UTF-8"?>
<!-- Generated by org.testng.reporters.JUnitXMLReporter -->
<testsuite hostname="IDP-LAP-145" ignored="0" name="CategorySearchTest" tests="5" failures="0" timestamp="12 Apr 2021 06:21:25 GMT" time="35.217" errors="0">
  <testcase name="verifyHomePage" time="1.042" classname="com.qa.whatuni.testScript.CategorySearchTest"/>
  <testcase name="categorySearchTest" time="9.038" classname="com.qa.whatuni.testScript.CategorySearchTest"/>
  <testcase name="VerifyProviderResult" time="4.347" classname="com.qa.whatuni.testScript.CategorySearchTest"/>
  <testcase name="VerifyCourseDetailPage" time="4.033" classname="com.qa.whatuni.testScript.CategorySearchTest"/>
  <testcase name="VerifyProviderPage" time="4.466" classname="com.qa.whatuni.testScript.CategorySearchTest"/>
</testsuite> <!-- CategorySearchTest -->
