<?xml version="1.0" encoding="UTF-8"?>
<!-- Generated by org.testng.reporters.JUnitXMLReporter -->
<testsuite hostname="IDP-LAP-145" ignored="0" name="KeywordSearchTest" tests="5" failures="0" timestamp="12 Apr 2021 06:22:03 GMT" time="38.129" errors="0">
  <testcase name="verifyHomePage" time="1.029" classname="com.qa.whatuni.testScript.KeywordSearchTest"/>
  <testcase name="categorySearchTest" time="11.466" classname="com.qa.whatuni.testScript.KeywordSearchTest"/>
  <testcase name="VerifyProviderResult" time="3.757" classname="com.qa.whatuni.testScript.KeywordSearchTest"/>
  <testcase name="VerifyCourseDetailPage" time="4.376" classname="com.qa.whatuni.testScript.KeywordSearchTest"/>
  <testcase name="VerifyProviderPage" time="5.49" classname="com.qa.whatuni.testScript.KeywordSearchTest"/>
</testsuite> <!-- KeywordSearchTest -->
