<?xml version="1.0" encoding="UTF-8"?>
<!-- Generated by org.testng.reporters.JUnitXMLReporter -->
<testsuite hostname="IDP-LAP-145" ignored="0" name="Default test" tests="5" failures="0" timestamp="12 Apr 2021 06:19:00 GMT" time="37.082" errors="0">
  <testcase name="verifyHomePage" time="1.098" classname="com.qa.whatuni.testScript.CategorySearchTest"/>
  <testcase name="categorySearchTest" time="8.563" classname="com.qa.whatuni.testScript.CategorySearchTest"/>
  <testcase name="VerifyProviderResult" time="4.254" classname="com.qa.whatuni.testScript.CategorySearchTest"/>
  <testcase name="VerifyCourseDetailPage" time="4.058" classname="com.qa.whatuni.testScript.CategorySearchTest"/>
  <testcase name="VerifyProviderPage" time="4.517" classname="com.qa.whatuni.testScript.CategorySearchTest"/>
</testsuite> <!-- Default test -->
